<?xml version="1.0" encoding="UTF-8"?>
<!-- Generated by org.testng.reporters.JUnitReportReporter -->
<testsuite hostname="DUC-fC2WtCbFIPF" failures="0" tests="1" name="com.aakash.tests.LoginTest" time="0.690" errors="0" timestamp="2024-06-30T21:25:23 IST" skipped="0">
  <testcase classname="com.aakash.tests.LoginTest" name="testValidLogin" time="0.690"/>
  <system-out/>
</testsuite> <!-- com.aakash.tests.LoginTest -->
